<?xml version="1.0" encoding="UTF-8"?>
<testng-results ignored="0" total="5" passed="5" failed="0" skipped="0">
  <reporter-output>
  </reporter-output>
  <suite started-at="2023-08-14T13:37:43 WAT" name="Default suite" finished-at="2023-08-14T13:38:19 WAT" duration-ms="36048">
    <groups>
    </groups>
    <test started-at="2023-08-14T13:37:43 WAT" name="Default test" finished-at="2023-08-14T13:38:19 WAT" duration-ms="36048">
      <class name="tests.test">
        <test-method is-config="true" signature="SetUpTest()[pri:0, instance:tests.test@25ce9dc4]" started-at="2023-08-14T13:37:43 WAT" name="SetUpTest" finished-at="2023-08-14T13:37:51 WAT" duration-ms="7264" status="PASS">
          <reporter-output>
          </reporter-output>
        </test-method> <!-- SetUpTest -->
        <test-method signature="loginTest()[pri:0, instance:tests.test@25ce9dc4]" started-at="2023-08-14T13:37:51 WAT" name="loginTest" finished-at="2023-08-14T13:37:59 WAT" duration-ms="8896" status="PASS">
          <reporter-output>
          </reporter-output>
        </test-method> <!-- loginTest -->
        <test-method signature="chartTest()[pri:1, instance:tests.test@25ce9dc4]" started-at="2023-08-14T13:37:59 WAT" name="chartTest" finished-at="2023-08-14T13:38:00 WAT" duration-ms="206" status="PASS">
          <reporter-output>
          </reporter-output>
        </test-method> <!-- chartTest -->
        <test-method signature="checkoutTest()[pri:2, instance:tests.test@25ce9dc4]" started-at="2023-08-14T13:38:00 WAT" name="checkoutTest" finished-at="2023-08-14T13:38:05 WAT" duration-ms="5073" status="PASS">
          <reporter-output>
          </reporter-output>
        </test-method> <!-- checkoutTest -->
        <test-method signature="checkoutformTest()[pri:3, instance:tests.test@25ce9dc4]" started-at="2023-08-14T13:38:05 WAT" name="checkoutformTest" finished-at="2023-08-14T13:38:13 WAT" duration-ms="8233" status="PASS">
          <reporter-output>
          </reporter-output>
        </test-method> <!-- checkoutformTest -->
        <test-method signature="buyingcompleteTest()[pri:4, instance:tests.test@25ce9dc4]" started-at="2023-08-14T13:38:13 WAT" name="buyingcompleteTest" finished-at="2023-08-14T13:38:19 WAT" duration-ms="6072" status="PASS">
          <reporter-output>
          </reporter-output>
        </test-method> <!-- buyingcompleteTest -->
        <test-method is-config="true" signature="TearDownTest()[pri:0, instance:tests.test@25ce9dc4]" started-at="2023-08-14T13:38:19 WAT" name="TearDownTest" finished-at="2023-08-14T13:38:19 WAT" duration-ms="231" status="PASS">
          <reporter-output>
          </reporter-output>
        </test-method> <!-- TearDownTest -->
      </class> <!-- tests.test -->
    </test> <!-- Default test -->
  </suite> <!-- Default suite -->
</testng-results>
