<?xml version="1.0" encoding="UTF-8"?>
<!-- Generated by org.testng.reporters.JUnitXMLReporter -->
<testsuite ignored="0" hostname="ISW-230210-1169" failures="0" tests="5" name="Default test" time="36.048" errors="0" timestamp="2023-08-14T13:38:19 WAT">
  <testcase classname="tests.test" name="loginTest" time="8.896"/>
  <testcase classname="tests.test" name="chartTest" time="0.206"/>
  <testcase classname="tests.test" name="checkoutTest" time="5.073"/>
  <testcase classname="tests.test" name="checkoutformTest" time="8.233"/>
  <testcase classname="tests.test" name="buyingcompleteTest" time="6.072"/>
</testsuite> <!-- Default test -->
